<?xml version="1.0" encoding="UTF-8"?>
<!-- Generated by org.testng.reporters.JUnitXMLReporter -->
<testsuite hostname="LAPTOP-APVHHELF" ignored="0" name="Regression" tests="5" failures="2" timestamp="22 Jun 2020 19:09:21 GMT" time="136.37" errors="0">
  <testcase name="loginPageTitleTest" time="0.698" classname="com.crms.testScripts.LoginPageTest"/>
  <testcase name="verifyHomePageText" time="0.003" classname="com.crms.testScripts.HomePageTest">
    <failure type="java.lang.ArithmeticException" message="/ by zero">
      <![CDATA[java.lang.ArithmeticException: / by zero
	at com.crms.testScripts.HomePageTest.verifyHomePageText(HomePageTest.java:34)
... Removed 25 stack frames]]>
    </failure>
  </testcase> <!-- verifyHomePageText -->
  <testcase name="crmLogoImageTest" time="0.308" classname="com.crms.testScripts.LoginPageTest">
    <failure type="java.lang.AssertionError" message="expected [true] but found [false]">
      <![CDATA[java.lang.AssertionError: expected [true] but found [false]
	at com.crms.testScripts.LoginPageTest.crmLogoImageTest(LoginPageTest.java:42)
... Removed 29 stack frames]]>
    </failure>
  </testcase> <!-- crmLogoImageTest -->
  <testcase name="loginTest" time="9.474" classname="com.crms.testScripts.LoginPageTest"/>
  <testcase name="loginTest" time="10.173" classname="com.crms.testScripts.LoginPageTest"/>
</testsuite> <!-- Regression -->
