<?xml version="1.0" encoding="UTF-8"?>
<!-- Generated by org.testng.reporters.JUnitXMLReporter -->
<testsuite hostname="LAPTOP-APVHHELF" ignored="0" name="Command line test" tests="5" failures="0" timestamp="21 May 2020 01:01:47 GMT" time="24.217" errors="0">
  <testcase name="@BeforeMethod setUp" time="20.047" classname="com.crms.testScripts.HomePageTest">
    <failure type="org.openqa.selenium.SessionNotCreatedException" message="session not created: This version of ChromeDriver only supports Chrome version 80
Build info: version: &amp;apos;3.141.59&amp;apos;, revision: &amp;apos;e82be7d358&amp;apos;, time: &amp;apos;2018-11-14T08:17:03&amp;apos;
System info: host: &amp;apos;LAPTOP-APVHHELF&amp;apos;, ip: &amp;apos;192.168.0.106&amp;apos;, os.name: &amp;apos;Windows 10&amp;apos;, os.arch: &amp;apos;amd64&amp;apos;, os.version: &amp;apos;10.0&amp;apos;, java.version: &amp;apos;1.8.0_144&amp;apos;
Driver info: driver.version: ChromeDriver
remote stacktrace: Backtrace:
	Ordinal0 [0x00BD0C83+1707139]
	Ordinal0 [0x00B368F1+1075441]
	Ordinal0 [0x00AADFC9+516041]
	Ordinal0 [0x00A40554+66900]
	Ordinal0 [0x00A3CCE2+52450]
	Ordinal0 [0x00A5BFD7+180183]
	Ordinal0 [0x00A5BDDD+179677]
	Ordinal0 [0x00A59D4B+171339]
	Ordinal0 [0x00A41D4A+73034]
	Ordinal0 [0x00A42DC0+77248]
	Ordinal0 [0x00A42D59+77145]
	Ordinal0 [0x00B4BB67+1162087]
	GetHandleVerifier [0x00C6A966+508998]
	GetHandleVerifier [0x00C6A6A4+508292]
	GetHandleVerifier [0x00C7F7B7+594583]
	GetHandleVerifier [0x00C6B1D6+511158]
	Ordinal0 [0x00B4402C+1130540]
	Ordinal0 [0x00B4D4CB+1168587]
	Ordinal0 [0x00B4D633+1168947]
	Ordinal0 [0x00B65B35+1268533]
	BaseThreadInitThunk [0x770A6359+25]
	RtlGetAppContainerNamedObjectPath [0x77DA7C24+228]
	RtlGetAppContainerNamedObjectPath [0x77DA7BF4+180]
">
      <![CDATA[org.openqa.selenium.SessionNotCreatedException: session not created: This version of ChromeDriver only supports Chrome version 80
Build info: version: '3.141.59', revision: 'e82be7d358', time: '2018-11-14T08:17:03'
System info: host: 'LAPTOP-APVHHELF', ip: '192.168.0.106', os.name: 'Windows 10', os.arch: 'amd64', os.version: '10.0', java.version: '1.8.0_144'
Driver info: driver.version: ChromeDriver
remote stacktrace: Backtrace:
	Ordinal0 [0x00BD0C83+1707139]
	Ordinal0 [0x00B368F1+1075441]
	Ordinal0 [0x00AADFC9+516041]
	Ordinal0 [0x00A40554+66900]
	Ordinal0 [0x00A3CCE2+52450]
	Ordinal0 [0x00A5BFD7+180183]
	Ordinal0 [0x00A5BDDD+179677]
	Ordinal0 [0x00A59D4B+171339]
	Ordinal0 [0x00A41D4A+73034]
	Ordinal0 [0x00A42DC0+77248]
	Ordinal0 [0x00A42D59+77145]
	Ordinal0 [0x00B4BB67+1162087]
	GetHandleVerifier [0x00C6A966+508998]
	GetHandleVerifier [0x00C6A6A4+508292]
	GetHandleVerifier [0x00C7F7B7+594583]
	GetHandleVerifier [0x00C6B1D6+511158]
	Ordinal0 [0x00B4402C+1130540]
	Ordinal0 [0x00B4D4CB+1168587]
	Ordinal0 [0x00B4D633+1168947]
	Ordinal0 [0x00B65B35+1268533]
	BaseThreadInitThunk [0x770A6359+25]
	RtlGetAppContainerNamedObjectPath [0x77DA7C24+228]
	RtlGetAppContainerNamedObjectPath [0x77DA7BF4+180]

	at org.openqa.selenium.remote.W3CHandshakeResponse.lambda$errorHandler$0(W3CHandshakeResponse.java:62)
	at org.openqa.selenium.remote.HandshakeResponse.lambda$getResponseFunction$0(HandshakeResponse.java:30)
	at org.openqa.selenium.remote.ProtocolHandshake.lambda$createSession$0(ProtocolHandshake.java:126)
	at java.util.stream.ReferencePipeline$3$1.accept(Unknown Source)
	at java.util.Spliterators$ArraySpliterator.tryAdvance(Unknown Source)
	at java.util.stream.ReferencePipeline.forEachWithCancel(Unknown Source)
	at java.util.stream.AbstractPipeline.copyIntoWithCancel(Unknown Source)
	at java.util.stream.AbstractPipeline.copyInto(Unknown Source)
	at java.util.stream.AbstractPipeline.wrapAndCopyInto(Unknown Source)
	at java.util.stream.FindOps$FindOp.evaluateSequential(Unknown Source)
	at java.util.stream.AbstractPipeline.evaluate(Unknown Source)
	at java.util.stream.ReferencePipeline.findFirst(Unknown Source)
	at org.openqa.selenium.remote.ProtocolHandshake.createSession(ProtocolHandshake.java:128)
	at org.openqa.selenium.remote.ProtocolHandshake.createSession(ProtocolHandshake.java:74)
	at org.openqa.selenium.remote.HttpCommandExecutor.execute(HttpCommandExecutor.java:136)
	at org.openqa.selenium.remote.service.DriverCommandExecutor.execute(DriverCommandExecutor.java:83)
	at org.openqa.selenium.remote.RemoteWebDriver.execute(RemoteWebDriver.java:552)
	at org.openqa.selenium.remote.RemoteWebDriver.startSession(RemoteWebDriver.java:213)
	at org.openqa.selenium.remote.RemoteWebDriver.<init>(RemoteWebDriver.java:131)
	at org.openqa.selenium.chrome.ChromeDriver.<init>(ChromeDriver.java:181)
	at org.openqa.selenium.chrome.ChromeDriver.<init>(ChromeDriver.java:168)
	at org.openqa.selenium.chrome.ChromeDriver.<init>(ChromeDriver.java:123)
	at com.crms.base.BrowserInitialization.browserInitialization(BrowserInitialization.java:20)
	at com.crms.testScripts.HomePageTest.setUp(HomePageTest.java:24)
... Removed 41 stack frames]]>
    </failure>
  </testcase> <!-- @BeforeMethod setUp -->
  <testcase name="@BeforeMethod setUp" time="3.987" classname="com.crms.testScripts.LoginPageTest">
    <failure type="org.openqa.selenium.SessionNotCreatedException" message="session not created: This version of ChromeDriver only supports Chrome version 80
Build info: version: &amp;apos;3.141.59&amp;apos;, revision: &amp;apos;e82be7d358&amp;apos;, time: &amp;apos;2018-11-14T08:17:03&amp;apos;
System info: host: &amp;apos;LAPTOP-APVHHELF&amp;apos;, ip: &amp;apos;192.168.0.106&amp;apos;, os.name: &amp;apos;Windows 10&amp;apos;, os.arch: &amp;apos;amd64&amp;apos;, os.version: &amp;apos;10.0&amp;apos;, java.version: &amp;apos;1.8.0_144&amp;apos;
Driver info: driver.version: ChromeDriver
remote stacktrace: Backtrace:
	Ordinal0 [0x00BD0C83+1707139]
	Ordinal0 [0x00B368F1+1075441]
	Ordinal0 [0x00AADFC9+516041]
	Ordinal0 [0x00A40554+66900]
	Ordinal0 [0x00A3CCE2+52450]
	Ordinal0 [0x00A5BFD7+180183]
	Ordinal0 [0x00A5BDDD+179677]
	Ordinal0 [0x00A59D4B+171339]
	Ordinal0 [0x00A41D4A+73034]
	Ordinal0 [0x00A42DC0+77248]
	Ordinal0 [0x00A42D59+77145]
	Ordinal0 [0x00B4BB67+1162087]
	GetHandleVerifier [0x00C6A966+508998]
	GetHandleVerifier [0x00C6A6A4+508292]
	GetHandleVerifier [0x00C7F7B7+594583]
	GetHandleVerifier [0x00C6B1D6+511158]
	Ordinal0 [0x00B4402C+1130540]
	Ordinal0 [0x00B4D4CB+1168587]
	Ordinal0 [0x00B4D633+1168947]
	Ordinal0 [0x00B65B35+1268533]
	BaseThreadInitThunk [0x770A6359+25]
	RtlGetAppContainerNamedObjectPath [0x77DA7C24+228]
	RtlGetAppContainerNamedObjectPath [0x77DA7BF4+180]
">
      <![CDATA[org.openqa.selenium.SessionNotCreatedException: session not created: This version of ChromeDriver only supports Chrome version 80
Build info: version: '3.141.59', revision: 'e82be7d358', time: '2018-11-14T08:17:03'
System info: host: 'LAPTOP-APVHHELF', ip: '192.168.0.106', os.name: 'Windows 10', os.arch: 'amd64', os.version: '10.0', java.version: '1.8.0_144'
Driver info: driver.version: ChromeDriver
remote stacktrace: Backtrace:
	Ordinal0 [0x00BD0C83+1707139]
	Ordinal0 [0x00B368F1+1075441]
	Ordinal0 [0x00AADFC9+516041]
	Ordinal0 [0x00A40554+66900]
	Ordinal0 [0x00A3CCE2+52450]
	Ordinal0 [0x00A5BFD7+180183]
	Ordinal0 [0x00A5BDDD+179677]
	Ordinal0 [0x00A59D4B+171339]
	Ordinal0 [0x00A41D4A+73034]
	Ordinal0 [0x00A42DC0+77248]
	Ordinal0 [0x00A42D59+77145]
	Ordinal0 [0x00B4BB67+1162087]
	GetHandleVerifier [0x00C6A966+508998]
	GetHandleVerifier [0x00C6A6A4+508292]
	GetHandleVerifier [0x00C7F7B7+594583]
	GetHandleVerifier [0x00C6B1D6+511158]
	Ordinal0 [0x00B4402C+1130540]
	Ordinal0 [0x00B4D4CB+1168587]
	Ordinal0 [0x00B4D633+1168947]
	Ordinal0 [0x00B65B35+1268533]
	BaseThreadInitThunk [0x770A6359+25]
	RtlGetAppContainerNamedObjectPath [0x77DA7C24+228]
	RtlGetAppContainerNamedObjectPath [0x77DA7BF4+180]

	at org.openqa.selenium.remote.W3CHandshakeResponse.lambda$errorHandler$0(W3CHandshakeResponse.java:62)
	at org.openqa.selenium.remote.HandshakeResponse.lambda$getResponseFunction$0(HandshakeResponse.java:30)
	at org.openqa.selenium.remote.ProtocolHandshake.lambda$createSession$0(ProtocolHandshake.java:126)
	at java.util.stream.ReferencePipeline$3$1.accept(Unknown Source)
	at java.util.Spliterators$ArraySpliterator.tryAdvance(Unknown Source)
	at java.util.stream.ReferencePipeline.forEachWithCancel(Unknown Source)
	at java.util.stream.AbstractPipeline.copyIntoWithCancel(Unknown Source)
	at java.util.stream.AbstractPipeline.copyInto(Unknown Source)
	at java.util.stream.AbstractPipeline.wrapAndCopyInto(Unknown Source)
	at java.util.stream.FindOps$FindOp.evaluateSequential(Unknown Source)
	at java.util.stream.AbstractPipeline.evaluate(Unknown Source)
	at java.util.stream.ReferencePipeline.findFirst(Unknown Source)
	at org.openqa.selenium.remote.ProtocolHandshake.createSession(ProtocolHandshake.java:128)
	at org.openqa.selenium.remote.ProtocolHandshake.createSession(ProtocolHandshake.java:74)
	at org.openqa.selenium.remote.HttpCommandExecutor.execute(HttpCommandExecutor.java:136)
	at org.openqa.selenium.remote.service.DriverCommandExecutor.execute(DriverCommandExecutor.java:83)
	at org.openqa.selenium.remote.RemoteWebDriver.execute(RemoteWebDriver.java:552)
	at org.openqa.selenium.remote.RemoteWebDriver.startSession(RemoteWebDriver.java:213)
	at org.openqa.selenium.remote.RemoteWebDriver.<init>(RemoteWebDriver.java:131)
	at org.openqa.selenium.chrome.ChromeDriver.<init>(ChromeDriver.java:181)
	at org.openqa.selenium.chrome.ChromeDriver.<init>(ChromeDriver.java:168)
	at org.openqa.selenium.chrome.ChromeDriver.<init>(ChromeDriver.java:123)
	at com.crms.base.BrowserInitialization.browserInitialization(BrowserInitialization.java:20)
	at com.crms.testScripts.LoginPageTest.setUp(LoginPageTest.java:21)
... Removed 41 stack frames]]>
    </failure>
  </testcase> <!-- @BeforeMethod setUp -->
  <testcase name="@BeforeMethod setUp" time="0.0" classname="com.crms.testScripts.HomePageTest">
    <skipped/>
  </testcase> <!-- @BeforeMethod setUp -->
  <testcase name="@BeforeMethod setUp" time="0.0" classname="com.crms.testScripts.LoginPageTest">
    <skipped/>
  </testcase> <!-- @BeforeMethod setUp -->
  <testcase name="@BeforeMethod setUp" time="0.0" classname="com.crms.testScripts.LoginPageTest">
    <skipped/>
  </testcase> <!-- @BeforeMethod setUp -->
  <testcase name="verifyHomePageText" time="0.04" classname="com.crms.testScripts.HomePageTest">
    <skipped/>
  </testcase> <!-- verifyHomePageText -->
  <testcase name="loginPageTitleTest" time="0.0" classname="com.crms.testScripts.LoginPageTest">
    <skipped/>
  </testcase> <!-- loginPageTitleTest -->
  <testcase name="verifyCalendarLink" time="0.0" classname="com.crms.testScripts.HomePageTest">
    <skipped/>
  </testcase> <!-- verifyCalendarLink -->
  <testcase name="crmLogoImageTest" time="0.0" classname="com.crms.testScripts.LoginPageTest">
    <skipped/>
  </testcase> <!-- crmLogoImageTest -->
  <testcase name="loginTest" time="0.0" classname="com.crms.testScripts.LoginPageTest">
    <skipped/>
  </testcase> <!-- loginTest -->
</testsuite> <!-- Command line test -->
