<!DOCTYPE html PUBLIC "-//W3C//DTD XHTML 1.1//EN" "http://www.w3.org/TR/xhtml11/DTD/xhtml11.dtd">
<html xmlns="http://www.w3.org/1999/xhtml"><head><title>TestNG Report</title><style type="text/css">table {margin-bottom:10px;border-collapse:collapse;empty-cells:show}th,td {border:1px solid #009;padding:.25em .5em}th {vertical-align:bottom}td {vertical-align:top}table a {font-weight:bold}.stripe td {background-color: #E6EBF9}.num {text-align:right}.passedodd td {background-color: #3F3}.passedeven td {background-color: #0A0}.skippedodd td {background-color: #DDD}.skippedeven td {background-color: #CCC}.failedodd td,.attn {background-color: #F33}.failedeven td,.stripe .attn {background-color: #D00}.stacktrace {white-space:pre;font-family:monospace}.totop {font-size:85%;text-align:center;border-bottom:2px solid #000}</style></head><body><table><tr><th>Test</th><th># Passed</th><th># Skipped</th><th># Failed</th><th>Time (ms)</th><th>Included Groups</th><th>Excluded Groups</th></tr><tr><th colspan="7">Command line suite</th></tr><tr><td><a href="#t0">Command line test</a></td><td class="num">0</td><td class="num attn">5</td><td class="num">0</td><td class="num">24,217</td><td></td><td></td></tr></table><table id='summary'><thead><tr><th>Class</th><th>Method</th><th>Start</th><th>Time (ms)</th></tr></thead><tbody><tr><th colspan="4">Command line suite</th></tr></tbody><tbody id="t0"><tr><th colspan="4">Command line test &#8212; failed (configuration methods)</th></tr><tr class="failedeven"><td rowspan="1">com.crms.testScripts.HomePageTest</td><td><a href="#m0">setUp</a></td><td rowspan="1">1590022882937</td><td rowspan="1">20047</td></tr><tr class="failedodd"><td rowspan="1">com.crms.testScripts.LoginPageTest</td><td><a href="#m1">setUp</a></td><td rowspan="1">1590022903080</td><td rowspan="1">3987</td></tr><tr><th colspan="4">Command line test &#8212; skipped (configuration methods)</th></tr><tr class="skippedeven"><td rowspan="1">com.crms.testScripts.HomePageTest</td><td><a href="#m2">setUp</a></td><td rowspan="1">1590022907073</td><td rowspan="1">0</td></tr><tr class="skippedodd"><td rowspan="2">com.crms.testScripts.LoginPageTest</td><td><a href="#m3">setUp</a></td><td rowspan="2">1590022907076</td><td rowspan="2">0</td></tr><tr class="skippedodd"><td><a href="#m4">setUp</a></td></tr><tr><th colspan="4">Command line test &#8212; skipped</th></tr><tr class="skippedeven"><td rowspan="2">com.crms.testScripts.HomePageTest</td><td><a href="#m5">verifyCalendarLink</a></td><td rowspan="1">1590022907074</td><td rowspan="1">0</td></tr><tr class="skippedeven"><td><a href="#m6">verifyHomePageText</a></td><td rowspan="1">1590022903038</td><td rowspan="1">40</td></tr><tr class="skippedodd"><td rowspan="3">com.crms.testScripts.LoginPageTest</td><td><a href="#m7">crmLogoImageTest</a></td><td rowspan="1">1590022907075</td><td rowspan="1">0</td></tr><tr class="skippedodd"><td><a href="#m8">loginPageTitleTest</a></td><td rowspan="1">1590022907072</td><td rowspan="1">0</td></tr><tr class="skippedodd"><td><a href="#m9">loginTest</a></td><td rowspan="1">1590022907077</td><td rowspan="1">0</td></tr></tbody></table><h2>Command line test</h2><h3 id="m0">com.crms.testScripts.HomePageTest#setUp</h3><table class="result"><tr><th>Exception</th></tr><tr><td><div class="stacktrace">org.openqa.selenium.SessionNotCreatedException: session not created: This version of ChromeDriver only supports Chrome version 80
Build info: version: &apos;3.141.59&apos;, revision: &apos;e82be7d358&apos;, time: &apos;2018-11-14T08:17:03&apos;
System info: host: &apos;LAPTOP-APVHHELF&apos;, ip: &apos;192.168.0.106&apos;, os.name: &apos;Windows 10&apos;, os.arch: &apos;amd64&apos;, os.version: &apos;10.0&apos;, java.version: &apos;1.8.0_144&apos;
Driver info: driver.version: ChromeDriver
remote stacktrace: Backtrace:
	Ordinal0 [0x00BD0C83+1707139]
	Ordinal0 [0x00B368F1+1075441]
	Ordinal0 [0x00AADFC9+516041]
	Ordinal0 [0x00A40554+66900]
	Ordinal0 [0x00A3CCE2+52450]
	Ordinal0 [0x00A5BFD7+180183]
	Ordinal0 [0x00A5BDDD+179677]
	Ordinal0 [0x00A59D4B+171339]
	Ordinal0 [0x00A41D4A+73034]
	Ordinal0 [0x00A42DC0+77248]
	Ordinal0 [0x00A42D59+77145]
	Ordinal0 [0x00B4BB67+1162087]
	GetHandleVerifier [0x00C6A966+508998]
	GetHandleVerifier [0x00C6A6A4+508292]
	GetHandleVerifier [0x00C7F7B7+594583]
	GetHandleVerifier [0x00C6B1D6+511158]
	Ordinal0 [0x00B4402C+1130540]
	Ordinal0 [0x00B4D4CB+1168587]
	Ordinal0 [0x00B4D633+1168947]
	Ordinal0 [0x00B65B35+1268533]
	BaseThreadInitThunk [0x770A6359+25]
	RtlGetAppContainerNamedObjectPath [0x77DA7C24+228]
	RtlGetAppContainerNamedObjectPath [0x77DA7BF4+180]

	at org.openqa.selenium.remote.W3CHandshakeResponse.lambda$errorHandler$0(W3CHandshakeResponse.java:62)
	at org.openqa.selenium.remote.HandshakeResponse.lambda$getResponseFunction$0(HandshakeResponse.java:30)
	at org.openqa.selenium.remote.ProtocolHandshake.lambda$createSession$0(ProtocolHandshake.java:126)
	at java.util.stream.ReferencePipeline$3$1.accept(Unknown Source)
	at java.util.Spliterators$ArraySpliterator.tryAdvance(Unknown Source)
	at java.util.stream.ReferencePipeline.forEachWithCancel(Unknown Source)
	at java.util.stream.AbstractPipeline.copyIntoWithCancel(Unknown Source)
	at java.util.stream.AbstractPipeline.copyInto(Unknown Source)
	at java.util.stream.AbstractPipeline.wrapAndCopyInto(Unknown Source)
	at java.util.stream.FindOps$FindOp.evaluateSequential(Unknown Source)
	at java.util.stream.AbstractPipeline.evaluate(Unknown Source)
	at java.util.stream.ReferencePipeline.findFirst(Unknown Source)
	at org.openqa.selenium.remote.ProtocolHandshake.createSession(ProtocolHandshake.java:128)
	at org.openqa.selenium.remote.ProtocolHandshake.createSession(ProtocolHandshake.java:74)
	at org.openqa.selenium.remote.HttpCommandExecutor.execute(HttpCommandExecutor.java:136)
	at org.openqa.selenium.remote.service.DriverCommandExecutor.execute(DriverCommandExecutor.java:83)
	at org.openqa.selenium.remote.RemoteWebDriver.execute(RemoteWebDriver.java:552)
	at org.openqa.selenium.remote.RemoteWebDriver.startSession(RemoteWebDriver.java:213)
	at org.openqa.selenium.remote.RemoteWebDriver.&lt;init&gt;(RemoteWebDriver.java:131)
	at org.openqa.selenium.chrome.ChromeDriver.&lt;init&gt;(ChromeDriver.java:181)
	at org.openqa.selenium.chrome.ChromeDriver.&lt;init&gt;(ChromeDriver.java:168)
	at org.openqa.selenium.chrome.ChromeDriver.&lt;init&gt;(ChromeDriver.java:123)
	at com.crms.base.BrowserInitialization.browserInitialization(BrowserInitialization.java:20)
	at com.crms.testScripts.HomePageTest.setUp(HomePageTest.java:24)
... Removed 41 stack frames</div></td></tr></table><p class="totop"><a href="#summary">back to summary</a></p><h3 id="m1">com.crms.testScripts.LoginPageTest#setUp</h3><table class="result"><tr><th>Exception</th></tr><tr><td><div class="stacktrace">org.openqa.selenium.SessionNotCreatedException: session not created: This version of ChromeDriver only supports Chrome version 80
Build info: version: &apos;3.141.59&apos;, revision: &apos;e82be7d358&apos;, time: &apos;2018-11-14T08:17:03&apos;
System info: host: &apos;LAPTOP-APVHHELF&apos;, ip: &apos;192.168.0.106&apos;, os.name: &apos;Windows 10&apos;, os.arch: &apos;amd64&apos;, os.version: &apos;10.0&apos;, java.version: &apos;1.8.0_144&apos;
Driver info: driver.version: ChromeDriver
remote stacktrace: Backtrace:
	Ordinal0 [0x00BD0C83+1707139]
	Ordinal0 [0x00B368F1+1075441]
	Ordinal0 [0x00AADFC9+516041]
	Ordinal0 [0x00A40554+66900]
	Ordinal0 [0x00A3CCE2+52450]
	Ordinal0 [0x00A5BFD7+180183]
	Ordinal0 [0x00A5BDDD+179677]
	Ordinal0 [0x00A59D4B+171339]
	Ordinal0 [0x00A41D4A+73034]
	Ordinal0 [0x00A42DC0+77248]
	Ordinal0 [0x00A42D59+77145]
	Ordinal0 [0x00B4BB67+1162087]
	GetHandleVerifier [0x00C6A966+508998]
	GetHandleVerifier [0x00C6A6A4+508292]
	GetHandleVerifier [0x00C7F7B7+594583]
	GetHandleVerifier [0x00C6B1D6+511158]
	Ordinal0 [0x00B4402C+1130540]
	Ordinal0 [0x00B4D4CB+1168587]
	Ordinal0 [0x00B4D633+1168947]
	Ordinal0 [0x00B65B35+1268533]
	BaseThreadInitThunk [0x770A6359+25]
	RtlGetAppContainerNamedObjectPath [0x77DA7C24+228]
	RtlGetAppContainerNamedObjectPath [0x77DA7BF4+180]

	at org.openqa.selenium.remote.W3CHandshakeResponse.lambda$errorHandler$0(W3CHandshakeResponse.java:62)
	at org.openqa.selenium.remote.HandshakeResponse.lambda$getResponseFunction$0(HandshakeResponse.java:30)
	at org.openqa.selenium.remote.ProtocolHandshake.lambda$createSession$0(ProtocolHandshake.java:126)
	at java.util.stream.ReferencePipeline$3$1.accept(Unknown Source)
	at java.util.Spliterators$ArraySpliterator.tryAdvance(Unknown Source)
	at java.util.stream.ReferencePipeline.forEachWithCancel(Unknown Source)
	at java.util.stream.AbstractPipeline.copyIntoWithCancel(Unknown Source)
	at java.util.stream.AbstractPipeline.copyInto(Unknown Source)
	at java.util.stream.AbstractPipeline.wrapAndCopyInto(Unknown Source)
	at java.util.stream.FindOps$FindOp.evaluateSequential(Unknown Source)
	at java.util.stream.AbstractPipeline.evaluate(Unknown Source)
	at java.util.stream.ReferencePipeline.findFirst(Unknown Source)
	at org.openqa.selenium.remote.ProtocolHandshake.createSession(ProtocolHandshake.java:128)
	at org.openqa.selenium.remote.ProtocolHandshake.createSession(ProtocolHandshake.java:74)
	at org.openqa.selenium.remote.HttpCommandExecutor.execute(HttpCommandExecutor.java:136)
	at org.openqa.selenium.remote.service.DriverCommandExecutor.execute(DriverCommandExecutor.java:83)
	at org.openqa.selenium.remote.RemoteWebDriver.execute(RemoteWebDriver.java:552)
	at org.openqa.selenium.remote.RemoteWebDriver.startSession(RemoteWebDriver.java:213)
	at org.openqa.selenium.remote.RemoteWebDriver.&lt;init&gt;(RemoteWebDriver.java:131)
	at org.openqa.selenium.chrome.ChromeDriver.&lt;init&gt;(ChromeDriver.java:181)
	at org.openqa.selenium.chrome.ChromeDriver.&lt;init&gt;(ChromeDriver.java:168)
	at org.openqa.selenium.chrome.ChromeDriver.&lt;init&gt;(ChromeDriver.java:123)
	at com.crms.base.BrowserInitialization.browserInitialization(BrowserInitialization.java:20)
	at com.crms.testScripts.LoginPageTest.setUp(LoginPageTest.java:21)
... Removed 41 stack frames</div></td></tr></table><p class="totop"><a href="#summary">back to summary</a></p><h3 id="m2">com.crms.testScripts.HomePageTest#setUp</h3><table class="result"></table><p class="totop"><a href="#summary">back to summary</a></p><h3 id="m3">com.crms.testScripts.LoginPageTest#setUp</h3><table class="result"></table><p class="totop"><a href="#summary">back to summary</a></p><h3 id="m4">com.crms.testScripts.LoginPageTest#setUp</h3><table class="result"></table><p class="totop"><a href="#summary">back to summary</a></p><h3 id="m5">com.crms.testScripts.HomePageTest#verifyCalendarLink</h3><table class="result"><tr><th>Exception</th></tr><tr><td><div class="stacktrace">org.openqa.selenium.SessionNotCreatedException: session not created: This version of ChromeDriver only supports Chrome version 80
Build info: version: &apos;3.141.59&apos;, revision: &apos;e82be7d358&apos;, time: &apos;2018-11-14T08:17:03&apos;
System info: host: &apos;LAPTOP-APVHHELF&apos;, ip: &apos;192.168.0.106&apos;, os.name: &apos;Windows 10&apos;, os.arch: &apos;amd64&apos;, os.version: &apos;10.0&apos;, java.version: &apos;1.8.0_144&apos;
Driver info: driver.version: ChromeDriver
remote stacktrace: Backtrace:
	Ordinal0 [0x00BD0C83+1707139]
	Ordinal0 [0x00B368F1+1075441]
	Ordinal0 [0x00AADFC9+516041]
	Ordinal0 [0x00A40554+66900]
	Ordinal0 [0x00A3CCE2+52450]
	Ordinal0 [0x00A5BFD7+180183]
	Ordinal0 [0x00A5BDDD+179677]
	Ordinal0 [0x00A59D4B+171339]
	Ordinal0 [0x00A41D4A+73034]
	Ordinal0 [0x00A42DC0+77248]
	Ordinal0 [0x00A42D59+77145]
	Ordinal0 [0x00B4BB67+1162087]
	GetHandleVerifier [0x00C6A966+508998]
	GetHandleVerifier [0x00C6A6A4+508292]
	GetHandleVerifier [0x00C7F7B7+594583]
	GetHandleVerifier [0x00C6B1D6+511158]
	Ordinal0 [0x00B4402C+1130540]
	Ordinal0 [0x00B4D4CB+1168587]
	Ordinal0 [0x00B4D633+1168947]
	Ordinal0 [0x00B65B35+1268533]
	BaseThreadInitThunk [0x770A6359+25]
	RtlGetAppContainerNamedObjectPath [0x77DA7C24+228]
	RtlGetAppContainerNamedObjectPath [0x77DA7BF4+180]

	at org.openqa.selenium.remote.W3CHandshakeResponse.lambda$errorHandler$0(W3CHandshakeResponse.java:62)
	at org.openqa.selenium.remote.HandshakeResponse.lambda$getResponseFunction$0(HandshakeResponse.java:30)
	at org.openqa.selenium.remote.ProtocolHandshake.lambda$createSession$0(ProtocolHandshake.java:126)
	at java.util.stream.ReferencePipeline$3$1.accept(Unknown Source)
	at java.util.Spliterators$ArraySpliterator.tryAdvance(Unknown Source)
	at java.util.stream.ReferencePipeline.forEachWithCancel(Unknown Source)
	at java.util.stream.AbstractPipeline.copyIntoWithCancel(Unknown Source)
	at java.util.stream.AbstractPipeline.copyInto(Unknown Source)
	at java.util.stream.AbstractPipeline.wrapAndCopyInto(Unknown Source)
	at java.util.stream.FindOps$FindOp.evaluateSequential(Unknown Source)
	at java.util.stream.AbstractPipeline.evaluate(Unknown Source)
	at java.util.stream.ReferencePipeline.findFirst(Unknown Source)
	at org.openqa.selenium.remote.ProtocolHandshake.createSession(ProtocolHandshake.java:128)
	at org.openqa.selenium.remote.ProtocolHandshake.createSession(ProtocolHandshake.java:74)
	at org.openqa.selenium.remote.HttpCommandExecutor.execute(HttpCommandExecutor.java:136)
	at org.openqa.selenium.remote.service.DriverCommandExecutor.execute(DriverCommandExecutor.java:83)
	at org.openqa.selenium.remote.RemoteWebDriver.execute(RemoteWebDriver.java:552)
	at org.openqa.selenium.remote.RemoteWebDriver.startSession(RemoteWebDriver.java:213)
	at org.openqa.selenium.remote.RemoteWebDriver.&lt;init&gt;(RemoteWebDriver.java:131)
	at org.openqa.selenium.chrome.ChromeDriver.&lt;init&gt;(ChromeDriver.java:181)
	at org.openqa.selenium.chrome.ChromeDriver.&lt;init&gt;(ChromeDriver.java:168)
	at org.openqa.selenium.chrome.ChromeDriver.&lt;init&gt;(ChromeDriver.java:123)
	at com.crms.base.BrowserInitialization.browserInitialization(BrowserInitialization.java:20)
	at com.crms.testScripts.HomePageTest.setUp(HomePageTest.java:24)
... Removed 41 stack frames</div></td></tr></table><p class="totop"><a href="#summary">back to summary</a></p><h3 id="m6">com.crms.testScripts.HomePageTest#verifyHomePageText</h3><table class="result"><tr><th>Exception</th></tr><tr><td><div class="stacktrace">org.openqa.selenium.SessionNotCreatedException: session not created: This version of ChromeDriver only supports Chrome version 80
Build info: version: &apos;3.141.59&apos;, revision: &apos;e82be7d358&apos;, time: &apos;2018-11-14T08:17:03&apos;
System info: host: &apos;LAPTOP-APVHHELF&apos;, ip: &apos;192.168.0.106&apos;, os.name: &apos;Windows 10&apos;, os.arch: &apos;amd64&apos;, os.version: &apos;10.0&apos;, java.version: &apos;1.8.0_144&apos;
Driver info: driver.version: ChromeDriver
remote stacktrace: Backtrace:
	Ordinal0 [0x00BD0C83+1707139]
	Ordinal0 [0x00B368F1+1075441]
	Ordinal0 [0x00AADFC9+516041]
	Ordinal0 [0x00A40554+66900]
	Ordinal0 [0x00A3CCE2+52450]
	Ordinal0 [0x00A5BFD7+180183]
	Ordinal0 [0x00A5BDDD+179677]
	Ordinal0 [0x00A59D4B+171339]
	Ordinal0 [0x00A41D4A+73034]
	Ordinal0 [0x00A42DC0+77248]
	Ordinal0 [0x00A42D59+77145]
	Ordinal0 [0x00B4BB67+1162087]
	GetHandleVerifier [0x00C6A966+508998]
	GetHandleVerifier [0x00C6A6A4+508292]
	GetHandleVerifier [0x00C7F7B7+594583]
	GetHandleVerifier [0x00C6B1D6+511158]
	Ordinal0 [0x00B4402C+1130540]
	Ordinal0 [0x00B4D4CB+1168587]
	Ordinal0 [0x00B4D633+1168947]
	Ordinal0 [0x00B65B35+1268533]
	BaseThreadInitThunk [0x770A6359+25]
	RtlGetAppContainerNamedObjectPath [0x77DA7C24+228]
	RtlGetAppContainerNamedObjectPath [0x77DA7BF4+180]

	at org.openqa.selenium.remote.W3CHandshakeResponse.lambda$errorHandler$0(W3CHandshakeResponse.java:62)
	at org.openqa.selenium.remote.HandshakeResponse.lambda$getResponseFunction$0(HandshakeResponse.java:30)
	at org.openqa.selenium.remote.ProtocolHandshake.lambda$createSession$0(ProtocolHandshake.java:126)
	at java.util.stream.ReferencePipeline$3$1.accept(Unknown Source)
	at java.util.Spliterators$ArraySpliterator.tryAdvance(Unknown Source)
	at java.util.stream.ReferencePipeline.forEachWithCancel(Unknown Source)
	at java.util.stream.AbstractPipeline.copyIntoWithCancel(Unknown Source)
	at java.util.stream.AbstractPipeline.copyInto(Unknown Source)
	at java.util.stream.AbstractPipeline.wrapAndCopyInto(Unknown Source)
	at java.util.stream.FindOps$FindOp.evaluateSequential(Unknown Source)
	at java.util.stream.AbstractPipeline.evaluate(Unknown Source)
	at java.util.stream.ReferencePipeline.findFirst(Unknown Source)
	at org.openqa.selenium.remote.ProtocolHandshake.createSession(ProtocolHandshake.java:128)
	at org.openqa.selenium.remote.ProtocolHandshake.createSession(ProtocolHandshake.java:74)
	at org.openqa.selenium.remote.HttpCommandExecutor.execute(HttpCommandExecutor.java:136)
	at org.openqa.selenium.remote.service.DriverCommandExecutor.execute(DriverCommandExecutor.java:83)
	at org.openqa.selenium.remote.RemoteWebDriver.execute(RemoteWebDriver.java:552)
	at org.openqa.selenium.remote.RemoteWebDriver.startSession(RemoteWebDriver.java:213)
	at org.openqa.selenium.remote.RemoteWebDriver.&lt;init&gt;(RemoteWebDriver.java:131)
	at org.openqa.selenium.chrome.ChromeDriver.&lt;init&gt;(ChromeDriver.java:181)
	at org.openqa.selenium.chrome.ChromeDriver.&lt;init&gt;(ChromeDriver.java:168)
	at org.openqa.selenium.chrome.ChromeDriver.&lt;init&gt;(ChromeDriver.java:123)
	at com.crms.base.BrowserInitialization.browserInitialization(BrowserInitialization.java:20)
	at com.crms.testScripts.HomePageTest.setUp(HomePageTest.java:24)
... Removed 41 stack frames</div></td></tr></table><p class="totop"><a href="#summary">back to summary</a></p><h3 id="m7">com.crms.testScripts.LoginPageTest#crmLogoImageTest</h3><table class="result"><tr><th>Exception</th></tr><tr><td><div class="stacktrace">org.openqa.selenium.SessionNotCreatedException: session not created: This version of ChromeDriver only supports Chrome version 80
Build info: version: &apos;3.141.59&apos;, revision: &apos;e82be7d358&apos;, time: &apos;2018-11-14T08:17:03&apos;
System info: host: &apos;LAPTOP-APVHHELF&apos;, ip: &apos;192.168.0.106&apos;, os.name: &apos;Windows 10&apos;, os.arch: &apos;amd64&apos;, os.version: &apos;10.0&apos;, java.version: &apos;1.8.0_144&apos;
Driver info: driver.version: ChromeDriver
remote stacktrace: Backtrace:
	Ordinal0 [0x00BD0C83+1707139]
	Ordinal0 [0x00B368F1+1075441]
	Ordinal0 [0x00AADFC9+516041]
	Ordinal0 [0x00A40554+66900]
	Ordinal0 [0x00A3CCE2+52450]
	Ordinal0 [0x00A5BFD7+180183]
	Ordinal0 [0x00A5BDDD+179677]
	Ordinal0 [0x00A59D4B+171339]
	Ordinal0 [0x00A41D4A+73034]
	Ordinal0 [0x00A42DC0+77248]
	Ordinal0 [0x00A42D59+77145]
	Ordinal0 [0x00B4BB67+1162087]
	GetHandleVerifier [0x00C6A966+508998]
	GetHandleVerifier [0x00C6A6A4+508292]
	GetHandleVerifier [0x00C7F7B7+594583]
	GetHandleVerifier [0x00C6B1D6+511158]
	Ordinal0 [0x00B4402C+1130540]
	Ordinal0 [0x00B4D4CB+1168587]
	Ordinal0 [0x00B4D633+1168947]
	Ordinal0 [0x00B65B35+1268533]
	BaseThreadInitThunk [0x770A6359+25]
	RtlGetAppContainerNamedObjectPath [0x77DA7C24+228]
	RtlGetAppContainerNamedObjectPath [0x77DA7BF4+180]

	at org.openqa.selenium.remote.W3CHandshakeResponse.lambda$errorHandler$0(W3CHandshakeResponse.java:62)
	at org.openqa.selenium.remote.HandshakeResponse.lambda$getResponseFunction$0(HandshakeResponse.java:30)
	at org.openqa.selenium.remote.ProtocolHandshake.lambda$createSession$0(ProtocolHandshake.java:126)
	at java.util.stream.ReferencePipeline$3$1.accept(Unknown Source)
	at java.util.Spliterators$ArraySpliterator.tryAdvance(Unknown Source)
	at java.util.stream.ReferencePipeline.forEachWithCancel(Unknown Source)
	at java.util.stream.AbstractPipeline.copyIntoWithCancel(Unknown Source)
	at java.util.stream.AbstractPipeline.copyInto(Unknown Source)
	at java.util.stream.AbstractPipeline.wrapAndCopyInto(Unknown Source)
	at java.util.stream.FindOps$FindOp.evaluateSequential(Unknown Source)
	at java.util.stream.AbstractPipeline.evaluate(Unknown Source)
	at java.util.stream.ReferencePipeline.findFirst(Unknown Source)
	at org.openqa.selenium.remote.ProtocolHandshake.createSession(ProtocolHandshake.java:128)
	at org.openqa.selenium.remote.ProtocolHandshake.createSession(ProtocolHandshake.java:74)
	at org.openqa.selenium.remote.HttpCommandExecutor.execute(HttpCommandExecutor.java:136)
	at org.openqa.selenium.remote.service.DriverCommandExecutor.execute(DriverCommandExecutor.java:83)
	at org.openqa.selenium.remote.RemoteWebDriver.execute(RemoteWebDriver.java:552)
	at org.openqa.selenium.remote.RemoteWebDriver.startSession(RemoteWebDriver.java:213)
	at org.openqa.selenium.remote.RemoteWebDriver.&lt;init&gt;(RemoteWebDriver.java:131)
	at org.openqa.selenium.chrome.ChromeDriver.&lt;init&gt;(ChromeDriver.java:181)
	at org.openqa.selenium.chrome.ChromeDriver.&lt;init&gt;(ChromeDriver.java:168)
	at org.openqa.selenium.chrome.ChromeDriver.&lt;init&gt;(ChromeDriver.java:123)
	at com.crms.base.BrowserInitialization.browserInitialization(BrowserInitialization.java:20)
	at com.crms.testScripts.LoginPageTest.setUp(LoginPageTest.java:21)
... Removed 41 stack frames</div></td></tr></table><p class="totop"><a href="#summary">back to summary</a></p><h3 id="m8">com.crms.testScripts.LoginPageTest#loginPageTitleTest</h3><table class="result"><tr><th>Exception</th></tr><tr><td><div class="stacktrace">org.openqa.selenium.SessionNotCreatedException: session not created: This version of ChromeDriver only supports Chrome version 80
Build info: version: &apos;3.141.59&apos;, revision: &apos;e82be7d358&apos;, time: &apos;2018-11-14T08:17:03&apos;
System info: host: &apos;LAPTOP-APVHHELF&apos;, ip: &apos;192.168.0.106&apos;, os.name: &apos;Windows 10&apos;, os.arch: &apos;amd64&apos;, os.version: &apos;10.0&apos;, java.version: &apos;1.8.0_144&apos;
Driver info: driver.version: ChromeDriver
remote stacktrace: Backtrace:
	Ordinal0 [0x00BD0C83+1707139]
	Ordinal0 [0x00B368F1+1075441]
	Ordinal0 [0x00AADFC9+516041]
	Ordinal0 [0x00A40554+66900]
	Ordinal0 [0x00A3CCE2+52450]
	Ordinal0 [0x00A5BFD7+180183]
	Ordinal0 [0x00A5BDDD+179677]
	Ordinal0 [0x00A59D4B+171339]
	Ordinal0 [0x00A41D4A+73034]
	Ordinal0 [0x00A42DC0+77248]
	Ordinal0 [0x00A42D59+77145]
	Ordinal0 [0x00B4BB67+1162087]
	GetHandleVerifier [0x00C6A966+508998]
	GetHandleVerifier [0x00C6A6A4+508292]
	GetHandleVerifier [0x00C7F7B7+594583]
	GetHandleVerifier [0x00C6B1D6+511158]
	Ordinal0 [0x00B4402C+1130540]
	Ordinal0 [0x00B4D4CB+1168587]
	Ordinal0 [0x00B4D633+1168947]
	Ordinal0 [0x00B65B35+1268533]
	BaseThreadInitThunk [0x770A6359+25]
	RtlGetAppContainerNamedObjectPath [0x77DA7C24+228]
	RtlGetAppContainerNamedObjectPath [0x77DA7BF4+180]

	at org.openqa.selenium.remote.W3CHandshakeResponse.lambda$errorHandler$0(W3CHandshakeResponse.java:62)
	at org.openqa.selenium.remote.HandshakeResponse.lambda$getResponseFunction$0(HandshakeResponse.java:30)
	at org.openqa.selenium.remote.ProtocolHandshake.lambda$createSession$0(ProtocolHandshake.java:126)
	at java.util.stream.ReferencePipeline$3$1.accept(Unknown Source)
	at java.util.Spliterators$ArraySpliterator.tryAdvance(Unknown Source)
	at java.util.stream.ReferencePipeline.forEachWithCancel(Unknown Source)
	at java.util.stream.AbstractPipeline.copyIntoWithCancel(Unknown Source)
	at java.util.stream.AbstractPipeline.copyInto(Unknown Source)
	at java.util.stream.AbstractPipeline.wrapAndCopyInto(Unknown Source)
	at java.util.stream.FindOps$FindOp.evaluateSequential(Unknown Source)
	at java.util.stream.AbstractPipeline.evaluate(Unknown Source)
	at java.util.stream.ReferencePipeline.findFirst(Unknown Source)
	at org.openqa.selenium.remote.ProtocolHandshake.createSession(ProtocolHandshake.java:128)
	at org.openqa.selenium.remote.ProtocolHandshake.createSession(ProtocolHandshake.java:74)
	at org.openqa.selenium.remote.HttpCommandExecutor.execute(HttpCommandExecutor.java:136)
	at org.openqa.selenium.remote.service.DriverCommandExecutor.execute(DriverCommandExecutor.java:83)
	at org.openqa.selenium.remote.RemoteWebDriver.execute(RemoteWebDriver.java:552)
	at org.openqa.selenium.remote.RemoteWebDriver.startSession(RemoteWebDriver.java:213)
	at org.openqa.selenium.remote.RemoteWebDriver.&lt;init&gt;(RemoteWebDriver.java:131)
	at org.openqa.selenium.chrome.ChromeDriver.&lt;init&gt;(ChromeDriver.java:181)
	at org.openqa.selenium.chrome.ChromeDriver.&lt;init&gt;(ChromeDriver.java:168)
	at org.openqa.selenium.chrome.ChromeDriver.&lt;init&gt;(ChromeDriver.java:123)
	at com.crms.base.BrowserInitialization.browserInitialization(BrowserInitialization.java:20)
	at com.crms.testScripts.LoginPageTest.setUp(LoginPageTest.java:21)
... Removed 41 stack frames</div></td></tr></table><p class="totop"><a href="#summary">back to summary</a></p><h3 id="m9">com.crms.testScripts.LoginPageTest#loginTest</h3><table class="result"><tr><th>Exception</th></tr><tr><td><div class="stacktrace">org.openqa.selenium.SessionNotCreatedException: session not created: This version of ChromeDriver only supports Chrome version 80
Build info: version: &apos;3.141.59&apos;, revision: &apos;e82be7d358&apos;, time: &apos;2018-11-14T08:17:03&apos;
System info: host: &apos;LAPTOP-APVHHELF&apos;, ip: &apos;192.168.0.106&apos;, os.name: &apos;Windows 10&apos;, os.arch: &apos;amd64&apos;, os.version: &apos;10.0&apos;, java.version: &apos;1.8.0_144&apos;
Driver info: driver.version: ChromeDriver
remote stacktrace: Backtrace:
	Ordinal0 [0x00BD0C83+1707139]
	Ordinal0 [0x00B368F1+1075441]
	Ordinal0 [0x00AADFC9+516041]
	Ordinal0 [0x00A40554+66900]
	Ordinal0 [0x00A3CCE2+52450]
	Ordinal0 [0x00A5BFD7+180183]
	Ordinal0 [0x00A5BDDD+179677]
	Ordinal0 [0x00A59D4B+171339]
	Ordinal0 [0x00A41D4A+73034]
	Ordinal0 [0x00A42DC0+77248]
	Ordinal0 [0x00A42D59+77145]
	Ordinal0 [0x00B4BB67+1162087]
	GetHandleVerifier [0x00C6A966+508998]
	GetHandleVerifier [0x00C6A6A4+508292]
	GetHandleVerifier [0x00C7F7B7+594583]
	GetHandleVerifier [0x00C6B1D6+511158]
	Ordinal0 [0x00B4402C+1130540]
	Ordinal0 [0x00B4D4CB+1168587]
	Ordinal0 [0x00B4D633+1168947]
	Ordinal0 [0x00B65B35+1268533]
	BaseThreadInitThunk [0x770A6359+25]
	RtlGetAppContainerNamedObjectPath [0x77DA7C24+228]
	RtlGetAppContainerNamedObjectPath [0x77DA7BF4+180]

	at org.openqa.selenium.remote.W3CHandshakeResponse.lambda$errorHandler$0(W3CHandshakeResponse.java:62)
	at org.openqa.selenium.remote.HandshakeResponse.lambda$getResponseFunction$0(HandshakeResponse.java:30)
	at org.openqa.selenium.remote.ProtocolHandshake.lambda$createSession$0(ProtocolHandshake.java:126)
	at java.util.stream.ReferencePipeline$3$1.accept(Unknown Source)
	at java.util.Spliterators$ArraySpliterator.tryAdvance(Unknown Source)
	at java.util.stream.ReferencePipeline.forEachWithCancel(Unknown Source)
	at java.util.stream.AbstractPipeline.copyIntoWithCancel(Unknown Source)
	at java.util.stream.AbstractPipeline.copyInto(Unknown Source)
	at java.util.stream.AbstractPipeline.wrapAndCopyInto(Unknown Source)
	at java.util.stream.FindOps$FindOp.evaluateSequential(Unknown Source)
	at java.util.stream.AbstractPipeline.evaluate(Unknown Source)
	at java.util.stream.ReferencePipeline.findFirst(Unknown Source)
	at org.openqa.selenium.remote.ProtocolHandshake.createSession(ProtocolHandshake.java:128)
	at org.openqa.selenium.remote.ProtocolHandshake.createSession(ProtocolHandshake.java:74)
	at org.openqa.selenium.remote.HttpCommandExecutor.execute(HttpCommandExecutor.java:136)
	at org.openqa.selenium.remote.service.DriverCommandExecutor.execute(DriverCommandExecutor.java:83)
	at org.openqa.selenium.remote.RemoteWebDriver.execute(RemoteWebDriver.java:552)
	at org.openqa.selenium.remote.RemoteWebDriver.startSession(RemoteWebDriver.java:213)
	at org.openqa.selenium.remote.RemoteWebDriver.&lt;init&gt;(RemoteWebDriver.java:131)
	at org.openqa.selenium.chrome.ChromeDriver.&lt;init&gt;(ChromeDriver.java:181)
	at org.openqa.selenium.chrome.ChromeDriver.&lt;init&gt;(ChromeDriver.java:168)
	at org.openqa.selenium.chrome.ChromeDriver.&lt;init&gt;(ChromeDriver.java:123)
	at com.crms.base.BrowserInitialization.browserInitialization(BrowserInitialization.java:20)
	at com.crms.testScripts.LoginPageTest.setUp(LoginPageTest.java:21)
... Removed 41 stack frames</div></td></tr></table><p class="totop"><a href="#summary">back to summary</a></p></body></html>