<?xml version="1.0" encoding="UTF-8"?>
<testng-results skipped="0" failed="2" ignored="0" total="5" passed="3">
  <reporter-output>
  </reporter-output>
  <suite name="Suite1" duration-ms="136370" started-at="2020-06-22T19:07:04Z" finished-at="2020-06-22T19:09:21Z">
    <groups>
    </groups>
    <test name="Regression" duration-ms="136370" started-at="2020-06-22T19:07:04Z" finished-at="2020-06-22T19:09:21Z">
      <class name="com.crms.testScripts.HomePageTest">
        <test-method status="PASS" signature="setUp()[pri:0, instance:com.crms.testScripts.HomePageTest@17695df3]" name="setUp" is-config="true" duration-ms="29913" started-at="2020-06-23T00:37:37Z" finished-at="2020-06-23T00:38:07Z">
          <reporter-output>
          </reporter-output>
        </test-method> <!-- setUp -->
        <test-method status="FAIL" signature="verifyHomePageText()[pri:1, instance:com.crms.testScripts.HomePageTest@17695df3]" name="verifyHomePageText" duration-ms="3" started-at="2020-06-23T00:38:07Z" finished-at="2020-06-23T00:38:07Z">
          <exception class="java.lang.ArithmeticException">
            <message>
              <![CDATA[/ by zero]]>
            </message>
            <full-stacktrace>
              <![CDATA[java.lang.ArithmeticException: / by zero
	at com.crms.testScripts.HomePageTest.verifyHomePageText(HomePageTest.java:34)
	at sun.reflect.NativeMethodAccessorImpl.invoke0(Native Method)
	at sun.reflect.NativeMethodAccessorImpl.invoke(Unknown Source)
	at sun.reflect.DelegatingMethodAccessorImpl.invoke(Unknown Source)
	at java.lang.reflect.Method.invoke(Unknown Source)
	at org.testng.internal.MethodInvocationHelper.invokeMethod(MethodInvocationHelper.java:108)
	at org.testng.internal.Invoker.invokeMethod(Invoker.java:661)
	at org.testng.internal.Invoker.invokeTestMethod(Invoker.java:869)
	at org.testng.internal.Invoker.invokeTestMethods(Invoker.java:1193)
	at org.testng.internal.TestMethodWorker.invokeTestMethods(TestMethodWorker.java:126)
	at org.testng.internal.TestMethodWorker.run(TestMethodWorker.java:109)
	at org.testng.TestRunner.privateRun(TestRunner.java:744)
	at org.testng.TestRunner.run(TestRunner.java:602)
	at org.testng.SuiteRunner.runTest(SuiteRunner.java:380)
	at org.testng.SuiteRunner.runSequentially(SuiteRunner.java:375)
	at org.testng.SuiteRunner.privateRun(SuiteRunner.java:340)
	at org.testng.SuiteRunner.run(SuiteRunner.java:289)
	at org.testng.SuiteRunnerWorker.runSuite(SuiteRunnerWorker.java:52)
	at org.testng.SuiteRunnerWorker.run(SuiteRunnerWorker.java:86)
	at org.testng.TestNG.runSuitesSequentially(TestNG.java:1301)
	at org.testng.TestNG.runSuitesLocally(TestNG.java:1226)
	at org.testng.TestNG.runSuites(TestNG.java:1144)
	at org.testng.TestNG.run(TestNG.java:1115)
	at org.testng.remote.AbstractRemoteTestNG.run(AbstractRemoteTestNG.java:114)
	at org.testng.remote.RemoteTestNG.initAndRun(RemoteTestNG.java:251)
	at org.testng.remote.RemoteTestNG.main(RemoteTestNG.java:77)
]]>
            </full-stacktrace>
          </exception> <!-- java.lang.ArithmeticException -->
          <reporter-output>
          </reporter-output>
        </test-method> <!-- verifyHomePageText -->
        <test-method status="PASS" signature="tearDown()[pri:0, instance:com.crms.testScripts.HomePageTest@17695df3]" name="tearDown" is-config="true" duration-ms="1859" started-at="2020-06-23T00:38:08Z" finished-at="2020-06-23T00:38:10Z">
          <reporter-output>
          </reporter-output>
        </test-method> <!-- tearDown -->
      </class> <!-- com.crms.testScripts.HomePageTest -->
      <class name="com.crms.testScripts.LoginPageTest">
        <test-method status="PASS" signature="setUp()[pri:0, instance:com.crms.testScripts.LoginPageTest@71d15f18]" name="setUp" is-config="true" duration-ms="30475" started-at="2020-06-23T00:37:04Z" finished-at="2020-06-23T00:37:35Z">
          <reporter-output>
          </reporter-output>
        </test-method> <!-- setUp -->
        <test-method status="PASS" signature="loginPageTitleTest()[pri:1, instance:com.crms.testScripts.LoginPageTest@71d15f18]" name="loginPageTitleTest" duration-ms="698" started-at="2020-06-23T00:37:35Z" finished-at="2020-06-23T00:37:35Z">
          <reporter-output>
          </reporter-output>
        </test-method> <!-- loginPageTitleTest -->
        <test-method status="PASS" signature="tearDown()[pri:0, instance:com.crms.testScripts.LoginPageTest@71d15f18]" name="tearDown" is-config="true" duration-ms="1382" started-at="2020-06-23T00:37:35Z" finished-at="2020-06-23T00:37:37Z">
          <reporter-output>
          </reporter-output>
        </test-method> <!-- tearDown -->
        <test-method status="PASS" signature="setUp()[pri:0, instance:com.crms.testScripts.LoginPageTest@71d15f18]" name="setUp" is-config="true" duration-ms="15368" started-at="2020-06-23T00:38:10Z" finished-at="2020-06-23T00:38:25Z">
          <reporter-output>
          </reporter-output>
        </test-method> <!-- setUp -->
        <test-method status="FAIL" signature="crmLogoImageTest()[pri:2, instance:com.crms.testScripts.LoginPageTest@71d15f18]" name="crmLogoImageTest" duration-ms="308" started-at="2020-06-23T00:38:25Z" finished-at="2020-06-23T00:38:26Z">
          <exception class="java.lang.AssertionError">
            <message>
              <![CDATA[expected [true] but found [false]]]>
            </message>
            <full-stacktrace>
              <![CDATA[java.lang.AssertionError: expected [true] but found [false]
	at org.testng.Assert.fail(Assert.java:93)
	at org.testng.Assert.failNotEquals(Assert.java:512)
	at org.testng.Assert.assertTrue(Assert.java:41)
	at org.testng.Assert.assertTrue(Assert.java:51)
	at com.crms.testScripts.LoginPageTest.crmLogoImageTest(LoginPageTest.java:42)
	at sun.reflect.NativeMethodAccessorImpl.invoke0(Native Method)
	at sun.reflect.NativeMethodAccessorImpl.invoke(Unknown Source)
	at sun.reflect.DelegatingMethodAccessorImpl.invoke(Unknown Source)
	at java.lang.reflect.Method.invoke(Unknown Source)
	at org.testng.internal.MethodInvocationHelper.invokeMethod(MethodInvocationHelper.java:108)
	at org.testng.internal.Invoker.invokeMethod(Invoker.java:661)
	at org.testng.internal.Invoker.invokeTestMethod(Invoker.java:869)
	at org.testng.internal.Invoker.invokeTestMethods(Invoker.java:1193)
	at org.testng.internal.TestMethodWorker.invokeTestMethods(TestMethodWorker.java:126)
	at org.testng.internal.TestMethodWorker.run(TestMethodWorker.java:109)
	at org.testng.TestRunner.privateRun(TestRunner.java:744)
	at org.testng.TestRunner.run(TestRunner.java:602)
	at org.testng.SuiteRunner.runTest(SuiteRunner.java:380)
	at org.testng.SuiteRunner.runSequentially(SuiteRunner.java:375)
	at org.testng.SuiteRunner.privateRun(SuiteRunner.java:340)
	at org.testng.SuiteRunner.run(SuiteRunner.java:289)
	at org.testng.SuiteRunnerWorker.runSuite(SuiteRunnerWorker.java:52)
	at org.testng.SuiteRunnerWorker.run(SuiteRunnerWorker.java:86)
	at org.testng.TestNG.runSuitesSequentially(TestNG.java:1301)
	at org.testng.TestNG.runSuitesLocally(TestNG.java:1226)
	at org.testng.TestNG.runSuites(TestNG.java:1144)
	at org.testng.TestNG.run(TestNG.java:1115)
	at org.testng.remote.AbstractRemoteTestNG.run(AbstractRemoteTestNG.java:114)
	at org.testng.remote.RemoteTestNG.initAndRun(RemoteTestNG.java:251)
	at org.testng.remote.RemoteTestNG.main(RemoteTestNG.java:77)
]]>
            </full-stacktrace>
          </exception> <!-- java.lang.AssertionError -->
          <reporter-output>
          </reporter-output>
        </test-method> <!-- crmLogoImageTest -->
        <test-method status="PASS" signature="tearDown()[pri:0, instance:com.crms.testScripts.LoginPageTest@71d15f18]" name="tearDown" is-config="true" duration-ms="1513" started-at="2020-06-23T00:38:27Z" finished-at="2020-06-23T00:38:29Z">
          <reporter-output>
          </reporter-output>
        </test-method> <!-- tearDown -->
        <test-method status="PASS" signature="setUp()[pri:0, instance:com.crms.testScripts.LoginPageTest@71d15f18]" name="setUp" is-config="true" duration-ms="13622" started-at="2020-06-23T00:38:32Z" finished-at="2020-06-23T00:38:45Z">
          <reporter-output>
          </reporter-output>
        </test-method> <!-- setUp -->
        <test-method status="PASS" signature="loginTest(java.lang.String, java.lang.String)[pri:3, instance:com.crms.testScripts.LoginPageTest@71d15f18]" name="loginTest" duration-ms="9474" started-at="2020-06-23T00:38:45Z" data-provider="readData" finished-at="2020-06-23T00:38:55Z">
          <params>
            <param index="0">
              <value>
                <![CDATA[shanmugamuser123@gmail.com]]>
              </value>
            </param>
            <param index="1">
              <value>
                <![CDATA[Te$t1234]]>
              </value>
            </param>
          </params>
          <reporter-output>
          </reporter-output>
        </test-method> <!-- loginTest -->
        <test-method status="PASS" signature="tearDown()[pri:0, instance:com.crms.testScripts.LoginPageTest@71d15f18]" name="tearDown" is-config="true" duration-ms="1292" started-at="2020-06-23T00:38:55Z" finished-at="2020-06-23T00:38:56Z">
          <reporter-output>
          </reporter-output>
        </test-method> <!-- tearDown -->
        <test-method status="PASS" signature="setUp()[pri:0, instance:com.crms.testScripts.LoginPageTest@71d15f18]" name="setUp" is-config="true" duration-ms="13039" started-at="2020-06-23T00:38:56Z" finished-at="2020-06-23T00:39:09Z">
          <reporter-output>
          </reporter-output>
        </test-method> <!-- setUp -->
        <test-method status="PASS" signature="loginTest(java.lang.String, java.lang.String)[pri:3, instance:com.crms.testScripts.LoginPageTest@71d15f18]" name="loginTest" duration-ms="10173" started-at="2020-06-23T00:39:09Z" data-provider="readData" finished-at="2020-06-23T00:39:19Z">
          <params>
            <param index="0">
              <value>
                <![CDATA[john.k89austin@gmail.com]]>
              </value>
            </param>
            <param index="1">
              <value>
                <![CDATA[Test@1234]]>
              </value>
            </param>
          </params>
          <reporter-output>
          </reporter-output>
        </test-method> <!-- loginTest -->
        <test-method status="PASS" signature="tearDown()[pri:0, instance:com.crms.testScripts.LoginPageTest@71d15f18]" name="tearDown" is-config="true" duration-ms="1264" started-at="2020-06-23T00:39:19Z" finished-at="2020-06-23T00:39:21Z">
          <reporter-output>
          </reporter-output>
        </test-method> <!-- tearDown -->
      </class> <!-- com.crms.testScripts.LoginPageTest -->
    </test> <!-- Regression -->
  </suite> <!-- Suite1 -->
</testng-results>
